This is pdfTeX, Version 3.14159265-2.6-1.40.21 (TeX Live 2020/W32TeX) (preloaded format=pdflatex 2020.8.18)  20 AUG 2020 20:48
entering extended mode
 restricted \write18 enabled.
 file:line:error style messages enabled.
 %&-line parsing enabled.
**d:/Learning_CS224w/Homework/HW3/report/hw3_submission_template.tex
(d:/Learning_CS224w/Homework/HW3/report/hw3_submission_template.tex
LaTeX2e <2020-02-02> patch level 5
L3 programming layer <2020-08-07> (d:/softwares/texlive/texlive/2020/texmf-dist/tex/latex/base/article.cls
Document Class: article 2019/12/20 v1.4l Standard LaTeX document class
(d:/softwares/texlive/texlive/2020/texmf-dist/tex/latex/base/size11.clo
File: size11.clo 2019/12/20 v1.4l Standard LaTeX file (size option)
)
\c@part=\count168
\c@section=\count169
\c@subsection=\count170
\c@subsubsection=\count171
\c@paragraph=\count172
\c@subparagraph=\count173
\c@figure=\count174
\c@table=\count175
\abovecaptionskip=\skip47
\belowcaptionskip=\skip48
\bibindent=\dimen134
) (d:/softwares/texlive/texlive/2020/texmf-dist/tex/latex/amsmath/amsmath.sty
Package: amsmath 2020/01/20 v2.17e AMS math features
\@mathmargin=\skip49

For additional information on amsmath, use the `?' option.
(d:/softwares/texlive/texlive/2020/texmf-dist/tex/latex/amsmath/amstext.sty
Package: amstext 2000/06/29 v2.01 AMS text
 (d:/softwares/texlive/texlive/2020/texmf-dist/tex/latex/amsmath/amsgen.sty
File: amsgen.sty 1999/11/30 v2.0 generic functions
\@emptytoks=\toks15
\ex@=\dimen135
)) (d:/softwares/texlive/texlive/2020/texmf-dist/tex/latex/amsmath/amsbsy.sty
Package: amsbsy 1999/11/29 v1.2d Bold Symbols
\pmbraise@=\dimen136
) (d:/softwares/texlive/texlive/2020/texmf-dist/tex/latex/amsmath/amsopn.sty
Package: amsopn 2016/03/08 v2.02 operator names
)
\inf@bad=\count176
LaTeX Info: Redefining \frac on input line 227.
\uproot@=\count177
\leftroot@=\count178
LaTeX Info: Redefining \overline on input line 389.
\classnum@=\count179
\DOTSCASE@=\count180
LaTeX Info: Redefining \ldots on input line 486.
LaTeX Info: Redefining \dots on input line 489.
LaTeX Info: Redefining \cdots on input line 610.
\Mathstrutbox@=\box45
\strutbox@=\box46
\big@size=\dimen137
LaTeX Font Info:    Redeclaring font encoding OML on input line 733.
LaTeX Font Info:    Redeclaring font encoding OMS on input line 734.
\macc@depth=\count181
\c@MaxMatrixCols=\count182
\dotsspace@=\muskip16
\c@parentequation=\count183
\dspbrk@lvl=\count184
\tag@help=\toks16
\row@=\count185
\column@=\count186
\maxfields@=\count187
\andhelp@=\toks17
\eqnshift@=\dimen138
\alignsep@=\dimen139
\tagshift@=\dimen140
\tagwidth@=\dimen141
\totwidth@=\dimen142
\lineht@=\dimen143
\@envbody=\toks18
\multlinegap=\skip50
\multlinetaggap=\skip51
\mathdisplay@stack=\toks19
LaTeX Info: Redefining \[ on input line 2859.
LaTeX Info: Redefining \] on input line 2860.
) (d:/softwares/texlive/texlive/2020/texmf-dist/tex/latex/amsfonts/amssymb.sty
Package: amssymb 2013/01/14 v3.01 AMS font symbols
 (d:/softwares/texlive/texlive/2020/texmf-dist/tex/latex/amsfonts/amsfonts.sty
Package: amsfonts 2013/01/14 v3.01 Basic AMSFonts support
\symAMSa=\mathgroup4
\symAMSb=\mathgroup5
LaTeX Font Info:    Redeclaring math symbol \hbar on input line 98.
LaTeX Font Info:    Overwriting math alphabet `\mathfrak' in version `bold'
(Font)                  U/euf/m/n --> U/euf/b/n on input line 106.
)) (d:/softwares/texlive/texlive/2020/texmf-dist/tex/latex/graphics/graphicx.sty
Package: graphicx 2019/11/30 v1.2a Enhanced LaTeX Graphics (DPC,SPQR)
 (d:/softwares/texlive/texlive/2020/texmf-dist/tex/latex/graphics/keyval.sty
Package: keyval 2014/10/28 v1.15 key=value parser (DPC)
\KV@toks@=\toks20
) (d:/softwares/texlive/texlive/2020/texmf-dist/tex/latex/graphics/graphics.sty
Package: graphics 2019/11/30 v1.4a Standard LaTeX Graphics (DPC,SPQR)
 (d:/softwares/texlive/texlive/2020/texmf-dist/tex/latex/graphics/trig.sty
Package: trig 2016/01/03 v1.10 sin cos tan (DPC)
) (d:/softwares/texlive/texlive/2020/texmf-dist/tex/latex/graphics-cfg/graphics.cfg
File: graphics.cfg 2016/06/04 v1.11 sample graphics configuration
)
Package graphics Info: Driver file: pdftex.def on input line 105.
 (d:/softwares/texlive/texlive/2020/texmf-dist/tex/latex/graphics-def/pdftex.def
File: pdftex.def 2018/01/08 v1.0l Graphics/color driver for pdftex
))
\Gin@req@height=\dimen144
\Gin@req@width=\dimen145
) (d:/softwares/texlive/texlive/2020/texmf-dist/tex/latex/float/float.sty
Package: float 2001/11/08 v1.3d Float enhancements (AL)
\c@float@type=\count188
\float@exts=\toks21
\float@box=\box47
\@float@everytoks=\toks22
\@floatcapt=\box48
) (d:/softwares/texlive/texlive/2020/texmf-dist/tex/latex/caption/subcaption.sty
Package: subcaption 2020/01/22 v1.3d Sub-captions (AR)
 (d:/softwares/texlive/texlive/2020/texmf-dist/tex/latex/caption/caption.sty
Package: caption 2020/05/30 v3.4k Customizing captions (AR)
 (d:/softwares/texlive/texlive/2020/texmf-dist/tex/latex/caption/caption3.sty
Package: caption3 2020/07/20 v1.12b caption3 kernel (AR)
Package caption3 Info: TeX engine: e-TeX on input line 61.
\captionmargin=\dimen146
\captionmargin@=\dimen147
\captionwidth=\dimen148
\caption@tempdima=\dimen149
\caption@indent=\dimen150
\caption@parindent=\dimen151
\caption@hangindent=\dimen152
Package caption Info: Standard document class detected.
)
\c@caption@flags=\count189
\c@continuedfloat=\count190
Package caption Info: float package is loaded.
)
\c@subfigure=\count191
\c@subtable=\count192
) (d:/softwares/texlive/texlive/2020/texmf-dist/tex/latex/fancyhdr/fancyhdr.sty
Package: fancyhdr 2019/01/31 v3.10 Extensive control of page headers and footers
\f@nch@headwidth=\skip52
\f@nch@O@elh=\skip53
\f@nch@O@erh=\skip54
\f@nch@O@olh=\skip55
\f@nch@O@orh=\skip56
\f@nch@O@elf=\skip57
\f@nch@O@erf=\skip58
\f@nch@O@olf=\skip59
\f@nch@O@orf=\skip60
) (d:/softwares/texlive/texlive/2020/texmf-dist/tex/latex/tools/enumerate.sty
Package: enumerate 2015/07/23 v3.00 enumerate extensions (DPC)
\@enLab=\toks23
) (d:/softwares/texlive/texlive/2020/texmf-dist/tex/latex/titlesec/titlesec.sty
Package: titlesec 2019/10/16 v2.13 Sectioning titles
\ttl@box=\box49
\beforetitleunit=\skip61
\aftertitleunit=\skip62
\ttl@plus=\dimen153
\ttl@minus=\dimen154
\ttl@toksa=\toks24
\titlewidth=\dimen155
\titlewidthlast=\dimen156
\titlewidthfirst=\dimen157
) (d:/softwares/texlive/texlive/2020/texmf-dist/tex/latex/listings/listings.sty
\lst@mode=\count193
\lst@gtempboxa=\box50
\lst@token=\toks25
\lst@length=\count194
\lst@currlwidth=\dimen158
\lst@column=\count195
\lst@pos=\count196
\lst@lostspace=\dimen159
\lst@width=\dimen160
\lst@newlines=\count197
\lst@lineno=\count198
\lst@maxwidth=\dimen161
 (d:/softwares/texlive/texlive/2020/texmf-dist/tex/latex/listings/lstmisc.sty
File: lstmisc.sty 2020/03/24 1.8d (Carsten Heinz)
\c@lstnumber=\count199
\lst@skipnumbers=\count266
\lst@framebox=\box51
) (d:/softwares/texlive/texlive/2020/texmf-dist/tex/latex/listings/listings.cfg
File: listings.cfg 2020/03/24 1.8d listings configuration
))
Package: listings 2020/03/24 1.8d (Carsten Heinz)
 (d:/softwares/texlive/texlive/2020/texmf-dist/tex/latex/hyperref/hyperref.sty
Package: hyperref 2020-05-15 v7.00e Hypertext links for LaTeX
 (d:/softwares/texlive/texlive/2020/texmf-dist/tex/generic/ltxcmds/ltxcmds.sty
Package: ltxcmds 2019/12/15 v1.24 LaTeX kernel commands for general use (HO)
) (d:/softwares/texlive/texlive/2020/texmf-dist/tex/generic/iftex/iftex.sty
Package: iftex 2020/03/06 v1.0d TeX engine tests
) (d:/softwares/texlive/texlive/2020/texmf-dist/tex/generic/pdftexcmds/pdftexcmds.sty
Package: pdftexcmds 2020-06-27 v0.33 Utility functions of pdfTeX for LuaTeX (HO)
 (d:/softwares/texlive/texlive/2020/texmf-dist/tex/generic/infwarerr/infwarerr.sty
Package: infwarerr 2019/12/03 v1.5 Providing info/warning/error messages (HO)
)
Package pdftexcmds Info: \pdf@primitive is available.
Package pdftexcmds Info: \pdf@ifprimitive is available.
Package pdftexcmds Info: \pdfdraftmode found.
) (d:/softwares/texlive/texlive/2020/texmf-dist/tex/generic/kvsetkeys/kvsetkeys.sty
Package: kvsetkeys 2019/12/15 v1.18 Key value parser (HO)
) (d:/softwares/texlive/texlive/2020/texmf-dist/tex/generic/kvdefinekeys/kvdefinekeys.sty
Package: kvdefinekeys 2019-12-19 v1.6 Define keys (HO)
) (d:/softwares/texlive/texlive/2020/texmf-dist/tex/generic/pdfescape/pdfescape.sty
Package: pdfescape 2019/12/09 v1.15 Implements pdfTeX's escape features (HO)
) (d:/softwares/texlive/texlive/2020/texmf-dist/tex/latex/hycolor/hycolor.sty
Package: hycolor 2020-01-27 v1.10 Color options for hyperref/bookmark (HO)
) (d:/softwares/texlive/texlive/2020/texmf-dist/tex/latex/letltxmacro/letltxmacro.sty
Package: letltxmacro 2019/12/03 v1.6 Let assignment for LaTeX macros (HO)
) (d:/softwares/texlive/texlive/2020/texmf-dist/tex/latex/auxhook/auxhook.sty
Package: auxhook 2019-12-17 v1.6 Hooks for auxiliary files (HO)
) (d:/softwares/texlive/texlive/2020/texmf-dist/tex/latex/kvoptions/kvoptions.sty
Package: kvoptions 2019/11/29 v3.13 Key value format for package options (HO)
)
\@linkdim=\dimen162
\Hy@linkcounter=\count267
\Hy@pagecounter=\count268
 (d:/softwares/texlive/texlive/2020/texmf-dist/tex/latex/hyperref/pd1enc.def
File: pd1enc.def 2020-05-15 v7.00e Hyperref: PDFDocEncoding definition (HO)
Now handling font encoding PD1 ...
... no UTF-8 mapping file for font encoding PD1
) (d:/softwares/texlive/texlive/2020/texmf-dist/tex/generic/intcalc/intcalc.sty
Package: intcalc 2019/12/15 v1.3 Expandable calculations with integers (HO)
) (d:/softwares/texlive/texlive/2020/texmf-dist/tex/generic/etexcmds/etexcmds.sty
Package: etexcmds 2019/12/15 v1.7 Avoid name clashes with e-TeX commands (HO)
)
\Hy@SavedSpaceFactor=\count269
Package hyperref Info: Option `colorlinks' set `true' on input line 4338.
Package hyperref Info: Hyper figures OFF on input line 4464.
Package hyperref Info: Link nesting OFF on input line 4469.
Package hyperref Info: Hyper index ON on input line 4472.
Package hyperref Info: Plain pages OFF on input line 4479.
Package hyperref Info: Backreferencing OFF on input line 4484.
Package hyperref Info: Implicit mode ON; LaTeX internals redefined.
Package hyperref Info: Bookmarks ON on input line 4717.
\c@Hy@tempcnt=\count270
 (d:/softwares/texlive/texlive/2020/texmf-dist/tex/latex/url/url.sty
\Urlmuskip=\muskip17
Package: url 2013/09/16  ver 3.4  Verb mode for urls, etc.
)
LaTeX Info: Redefining \url on input line 5076.
\XeTeXLinkMargin=\dimen163
 (d:/softwares/texlive/texlive/2020/texmf-dist/tex/generic/bitset/bitset.sty
Package: bitset 2019/12/09 v1.3 Handle bit-vector datatype (HO)
 (d:/softwares/texlive/texlive/2020/texmf-dist/tex/generic/bigintcalc/bigintcalc.sty
Package: bigintcalc 2019/12/15 v1.5 Expandable calculations on big integers (HO)
))
\Fld@menulength=\count271
\Field@Width=\dimen164
\Fld@charsize=\dimen165
Package hyperref Info: Hyper figures OFF on input line 6347.
Package hyperref Info: Link nesting OFF on input line 6352.
Package hyperref Info: Hyper index ON on input line 6355.
Package hyperref Info: backreferencing OFF on input line 6362.
Package hyperref Info: Link coloring ON on input line 6365.
Package hyperref Info: Link coloring with OCG OFF on input line 6372.
Package hyperref Info: PDF/A mode OFF on input line 6377.
LaTeX Info: Redefining \ref on input line 6417.
LaTeX Info: Redefining \pageref on input line 6421.
 (d:/softwares/texlive/texlive/2020/texmf-dist/tex/generic/atbegshi/atbegshi.sty
Package: atbegshi 2019/12/05 v1.19 At begin shipout hook (HO)
)
\Hy@abspage=\count272
\c@Item=\count273
\c@Hfootnote=\count274
)
Package hyperref Info: Driver (autodetected): hpdftex.
 (d:/softwares/texlive/texlive/2020/texmf-dist/tex/latex/hyperref/hpdftex.def
File: hpdftex.def 2020-05-15 v7.00e Hyperref driver for pdfTeX
 (d:/softwares/texlive/texlive/2020/texmf-dist/tex/latex/atveryend/atveryend.sty
Package: atveryend 2019-12-11 v1.11 Hooks at the very end of document (HO)
Package atveryend Info: \enddocument detected (standard20110627).
)
\Fld@listcount=\count275
\c@bookmark@seq@number=\count276
 (d:/softwares/texlive/texlive/2020/texmf-dist/tex/latex/rerunfilecheck/rerunfilecheck.sty
Package: rerunfilecheck 2019/12/05 v1.9 Rerun checks for auxiliary files (HO)
 (d:/softwares/texlive/texlive/2020/texmf-dist/tex/generic/uniquecounter/uniquecounter.sty
Package: uniquecounter 2019/12/15 v1.4 Provide unlimited unique counter (HO)
)
Package uniquecounter Info: New unique counter `rerunfilecheck' on input line 286.
)
\Hy@SectionHShift=\skip63
) (d:/softwares/texlive/texlive/2020/texmf-dist/tex/latex/l3backend/l3backend-pdfmode.def
File: l3backend-pdfmode.def 2020-08-07 L3 backend support: PDF mode
\l__kernel_color_stack_int=\count277
\l__pdf_internal_box=\box52
) (d:/Learning_CS224w/Homework/HW3/report/hw3_submission_template.aux)
\openout1 = `hw3_submission_template.aux'.

LaTeX Font Info:    Checking defaults for OML/cmm/m/it on input line 59.
LaTeX Font Info:    ... okay on input line 59.
LaTeX Font Info:    Checking defaults for OMS/cmsy/m/n on input line 59.
LaTeX Font Info:    ... okay on input line 59.
LaTeX Font Info:    Checking defaults for OT1/cmr/m/n on input line 59.
LaTeX Font Info:    ... okay on input line 59.
LaTeX Font Info:    Checking defaults for T1/cmr/m/n on input line 59.
LaTeX Font Info:    ... okay on input line 59.
LaTeX Font Info:    Checking defaults for TS1/cmr/m/n on input line 59.
LaTeX Font Info:    ... okay on input line 59.
LaTeX Font Info:    Checking defaults for OMX/cmex/m/n on input line 59.
LaTeX Font Info:    ... okay on input line 59.
LaTeX Font Info:    Checking defaults for U/cmr/m/n on input line 59.
LaTeX Font Info:    ... okay on input line 59.
LaTeX Font Info:    Checking defaults for PD1/pdf/m/n on input line 59.
LaTeX Font Info:    ... okay on input line 59.
 (d:/softwares/texlive/texlive/2020/texmf-dist/tex/context/base/mkii/supp-pdf.mkii
[Loading MPS to PDF converter (version 2006.09.02).]
\scratchcounter=\count278
\scratchdimen=\dimen166
\scratchbox=\box53
\nofMPsegments=\count279
\nofMParguments=\count280
\everyMPshowfont=\toks26
\MPscratchCnt=\count281
\MPscratchDim=\dimen167
\MPnumerator=\count282
\makeMPintoPDFobject=\count283
\everyMPtoPDFconversion=\toks27
) (d:/softwares/texlive/texlive/2020/texmf-dist/tex/latex/epstopdf-pkg/epstopdf-base.sty
Package: epstopdf-base 2020-01-24 v2.11 Base part for package epstopdf
Package epstopdf-base Info: Redefining graphics rule for `.eps' on input line 485.
 (d:/softwares/texlive/texlive/2020/texmf-dist/tex/latex/latexconfig/epstopdf-sys.cfg
File: epstopdf-sys.cfg 2010/07/13 v1.3 Configuration of (r)epstopdf for TeX Live
))
Package caption Info: Begin \AtBeginDocument code.
Package caption Info: hyperref package is loaded.
Package caption Info: listings package is loaded.
Package caption Info: End \AtBeginDocument code.
\c@lstlisting=\count284
\AtBeginShipoutBox=\box54
 (d:/softwares/texlive/texlive/2020/texmf-dist/tex/latex/graphics/color.sty
Package: color 2019/11/23 v1.2a Standard LaTeX Color (DPC)
 (d:/softwares/texlive/texlive/2020/texmf-dist/tex/latex/graphics-cfg/color.cfg
File: color.cfg 2016/01/02 v1.6 sample color configuration
)
Package color Info: Driver file: pdftex.def on input line 147.
)
Package hyperref Info: Link coloring ON on input line 59.
 (d:/softwares/texlive/texlive/2020/texmf-dist/tex/latex/hyperref/nameref.sty
Package: nameref 2019/09/16 v2.46 Cross-referencing by name of section
 (d:/softwares/texlive/texlive/2020/texmf-dist/tex/latex/refcount/refcount.sty
Package: refcount 2019/12/15 v3.6 Data extraction from label references (HO)
) (d:/softwares/texlive/texlive/2020/texmf-dist/tex/generic/gettitlestring/gettitlestring.sty
Package: gettitlestring 2019/12/15 v1.6 Cleanup title references (HO)
)
\c@section@level=\count285
)
LaTeX Info: Redefining \ref on input line 59.
LaTeX Info: Redefining \pageref on input line 59.
LaTeX Info: Redefining \nameref on input line 59.
 (d:/Learning_CS224w/Homework/HW3/report/hw3_submission_template.out) (d:/Learning_CS224w/Homework/HW3/report/hw3_submission_template.out)
\@outlinefile=\write3
\openout3 = `hw3_submission_template.out'.


Underfull \hbox (badness 10000) in paragraph at lines 62--72

 []


Package Fancyhdr Warning: \headheight is too small (0.0pt): 
Make it at least 13.59999pt.
We now make it that large for the rest of the document.
This may cause the page layout to be inconsistent, however.

[1{d:/softwares/texlive/texlive/2020/texmf-var/fonts/map/pdftex/updmap/pdftex.map}


]
<pic/q1_2_email.png, id=11, 462.528pt x 346.896pt>
File: pic/q1_2_email.png Graphic file (type png)
<use pic/q1_2_email.png>
Package pdftex.def Info: pic/q1_2_email.png  used on input line 77.
(pdftex.def)             Requested size: 234.87749pt x 176.15768pt.
<pic/q1_2_ep.png, id=13, 462.528pt x 346.896pt>
File: pic/q1_2_ep.png Graphic file (type png)
<use pic/q1_2_ep.png>
Package pdftex.def Info: pic/q1_2_ep.png  used on input line 84.
(pdftex.def)             Requested size: 234.87749pt x 176.15768pt.
 [2

 <d:/Learning_CS224w/Homework/HW3/report/pic/q1_2_email.png> <d:/Learning_CS224w/Homework/HW3/report/pic/q1_2_ep.png>]
Underfull \hbox (badness 10000) in paragraph at lines 88--109

 []


Underfull \hbox (badness 10000) in paragraph at lines 88--109

 []

[3

]
<pic/q1_con.png, id=26, 462.528pt x 346.896pt>
File: pic/q1_con.png Graphic file (type png)
<use pic/q1_con.png>
Package pdftex.def Info: pic/q1_con.png  used on input line 114.
(pdftex.def)             Requested size: 234.87749pt x 176.15768pt.

Underfull \hbox (badness 10000) in paragraph at lines 116--118

 []

LaTeX Font Info:    Trying to load font information for U+msa on input line 118.
(d:/softwares/texlive/texlive/2020/texmf-dist/tex/latex/amsfonts/umsa.fd
File: umsa.fd 2013/01/14 v3.01 AMS symbols A
)
LaTeX Font Info:    Trying to load font information for U+msb on input line 118.
 (d:/softwares/texlive/texlive/2020/texmf-dist/tex/latex/amsfonts/umsb.fd
File: umsb.fd 2013/01/14 v3.01 AMS symbols B
) [4

 <d:/Learning_CS224w/Homework/HW3/report/pic/q1_con.png>] [5

] [6

] [7

]
Underfull \hbox (badness 10000) in paragraph at lines 145--149

 []

[8

]
<pic/q3_adv.png, id=55, 462.528pt x 346.896pt>
File: pic/q3_adv.png Graphic file (type png)
<use pic/q3_adv.png>
Package pdftex.def Info: pic/q3_adv.png  used on input line 156.
(pdftex.def)             Requested size: 234.87749pt x 176.15768pt.

Underfull \hbox (badness 10000) in paragraph at lines 150--157

 []

[9

 <d:/Learning_CS224w/Homework/HW3/report/pic/q3_adv.png>]
<pic/q3_dining.png, id=62, 462.528pt x 346.896pt>
File: pic/q3_dining.png Graphic file (type png)
<use pic/q3_dining.png>
Package pdftex.def Info: pic/q3_dining.png  used on input line 166.
(pdftex.def)             Requested size: 234.87749pt x 176.15768pt.

Underfull \hbox (badness 10000) in paragraph at lines 160--167

 []

[10

 <d:/Learning_CS224w/Homework/HW3/report/pic/q3_dining.png>]
<pic/q3_dist.png, id=70, 462.528pt x 346.896pt>
File: pic/q3_dist.png Graphic file (type png)
<use pic/q3_dist.png>
Package pdftex.def Info: pic/q3_dist.png  used on input line 173.
(pdftex.def)             Requested size: 234.87749pt x 176.15768pt.
 [11

 <d:/Learning_CS224w/Homework/HW3/report/pic/q3_dist.png>]
<pic/q4_example.PNG, id=77, 2232.34pt x 912.40875pt>
File: pic/q4_example.PNG Graphic file (type png)
<use pic/q4_example.PNG>
Package pdftex.def Info: pic/q4_example.PNG  used on input line 183.
(pdftex.def)             Requested size: 234.87749pt x 95.99368pt.
 [12

 <d:/Learning_CS224w/Homework/HW3/report/pic/q4_example.PNG>] [13

] [14

]
<pic/q4_example2.PNG, id=92, 1575.8875pt x 808.01875pt>
File: pic/q4_example2.PNG Graphic file (type png)
<use pic/q4_example2.PNG>
Package pdftex.def Info: pic/q4_example2.PNG  used on input line 199.
(pdftex.def)             Requested size: 234.87749pt x 120.42082pt.
 [15

 <d:/Learning_CS224w/Homework/HW3/report/pic/q4_example2.PNG>]
Underfull \hbox (badness 10000) in paragraph at lines 204--204

 []


Underfull \hbox (badness 10000) in paragraph at lines 204--204

 []


Underfull \hbox (badness 10000) in paragraph at lines 208--217

 []


Underfull \hbox (badness 10000) in paragraph at lines 208--217

 []

Package atveryend Info: Empty hook `BeforeClearDocument' on input line 229.
[16

]
Package atveryend Info: Empty hook `AfterLastShipout' on input line 229.
 (d:/Learning_CS224w/Homework/HW3/report/hw3_submission_template.aux)
Package atveryend Info: Executing hook `AtVeryEndDocument' on input line 229.
Package atveryend Info: Executing hook `AtEndAfterFileList' on input line 229.
Package rerunfilecheck Info: File `hw3_submission_template.out' has not changed.
(rerunfilecheck)             Checksum: D41D8CD98F00B204E9800998ECF8427E;0.
Package atveryend Info: Empty hook `AtVeryVeryEnd' on input line 229.
 ) 
Here is how much of TeX's memory you used:
 9402 strings out of 480893
 144239 string characters out of 5903170
 406208 words of memory out of 5000000
 24831 multiletter control sequences out of 15000+600000
 544658 words of font info for 66 fonts, out of 8000000 for 9000
 1141 hyphenation exceptions out of 8191
 45i,11n,47p,738b,315s stack positions out of 5000i,500n,10000p,200000b,80000s
<d:/softwares/texlive/texlive/2020/texmf-dist/fonts/type1/public/amsfonts/cm/cmbx10.pfb><d:/softwares/texlive/texlive/2020/texmf-dist/fonts/type1/public/amsfonts/cm/cmbx12.pfb><d:/softwares/texlive/texlive/2020/texmf-dist/fonts/type1/public/amsfonts/cm/cmmi10.pfb><d:/softwares/texlive/texlive/2020/texmf-dist/fonts/type1/public/amsfonts/cm/cmmi8.pfb><d:/softwares/texlive/texlive/2020/texmf-dist/fonts/type1/public/amsfonts/cm/cmr10.pfb><d:/softwares/texlive/texlive/2020/texmf-dist/fonts/type1/public/amsfonts/cm/cmr8.pfb><d:/softwares/texlive/texlive/2020/texmf-dist/fonts/type1/public/amsfonts/cm/cmssbx10.pfb><d:/softwares/texlive/texlive/2020/texmf-dist/fonts/type1/public/amsfonts/cm/cmsy10.pfb><d:/softwares/texlive/texlive/2020/texmf-dist/fonts/type1/public/amsfonts/cm/cmsy8.pfb><d:/softwares/texlive/texlive/2020/texmf-dist/fonts/type1/public/amsfonts/cm/cmti10.pfb><d:/softwares/texlive/texlive/2020/texmf-dist/fonts/type1/public/amsfonts/cm/cmtt10.pfb>
Output written on d:/Learning_CS224w/Homework/HW3/report/hw3_submission_template.pdf (16 pages, 854954 bytes).
PDF statistics:
 150 PDF objects out of 1000 (max. 8388607)
 105 compressed objects within 2 object streams
 25 named destinations out of 1000 (max. 500000)
 41 words of extra memory for PDF output out of 10000 (max. 10000000)

